{"C:\\Users\\ResTIC55\\Desktop\\Engenharia de software React\\Gestao_de_tarefas-engenharia_de_software\\Back\\src\\controllers\\auth.ts": {"path":"C:\\Users\\ResTIC55\\Desktop\\Engenharia de software React\\Gestao_de_tarefas-engenharia_de_software\\Back\\src\\controllers\\auth.ts","statementMap":{"0":{"start":{"line":1,"column":0},"end":{"line":1,"column":44}},"1":{"start":{"line":2,"column":0},"end":{"line":2,"column":31}},"2":{"start":{"line":3,"column":0},"end":{"line":3,"column":31}},"3":{"start":{"line":4,"column":0},"end":{"line":4,"column":28}},"4":{"start":{"line":6,"column":19},"end":{"line":6,"column":41}},"5":{"start":{"line":7,"column":32},"end":{"line":7,"column":36}},"6":{"start":{"line":8,"column":20},"end":{"line":8,"column":25}},"7":{"start":{"line":11,"column":14},"end":{"line":82,"column":1}},"8":{"start":{"line":12,"column":4},"end":{"line":81,"column":5}},"9":{"start":{"line":13,"column":33},"end":{"line":13,"column":41}},"10":{"start":{"line":15,"column":8},"end":{"line":19,"column":9}},"11":{"start":{"line":16,"column":12},"end":{"line":16,"column":95}},"12":{"start":{"line":17,"column":12},"end":{"line":17,"column":96}},"13":{"start":{"line":18,"column":12},"end":{"line":18,"column":19}},"14":{"start":{"line":22,"column":8},"end":{"line":25,"column":9}},"15":{"start":{"line":23,"column":12},"end":{"line":23,"column":95}},"16":{"start":{"line":24,"column":12},"end":{"line":24,"column":19}},"17":{"start":{"line":28,"column":24},"end":{"line":33,"column":10}},"18":{"start":{"line":35,"column":8},"end":{"line":38,"column":9}},"19":{"start":{"line":36,"column":12},"end":{"line":36,"column":85}},"20":{"start":{"line":37,"column":12},"end":{"line":37,"column":19}},"21":{"start":{"line":41,"column":28},"end":{"line":41,"column":70}},"22":{"start":{"line":43,"column":8},"end":{"line":46,"column":9}},"23":{"start":{"line":44,"column":12},"end":{"line":44,"column":85}},"24":{"start":{"line":45,"column":12},"end":{"line":45,"column":19}},"25":{"start":{"line":68,"column":8},"end":{"line":77,"column":11}},"26":{"start":{"line":79,"column":8},"end":{"line":79,"column":47}},"27":{"start":{"line":80,"column":8},"end":{"line":80,"column":100}},"28":{"start":{"line":85,"column":15},"end":{"line":95,"column":1}},"29":{"start":{"line":86,"column":4},"end":{"line":94,"column":5}},"30":{"start":{"line":87,"column":8},"end":{"line":90,"column":11}},"31":{"start":{"line":92,"column":8},"end":{"line":92,"column":48}},"32":{"start":{"line":93,"column":8},"end":{"line":93,"column":90}},"33":{"start":{"line":97,"column":0},"end":{"line":100,"column":2}}},"fnMap":{"0":{"name":"(anonymous_1)","decl":{"start":{"line":11,"column":14},"end":{"line":11,"column":19}},"loc":{"start":{"line":11,"column":67},"end":{"line":82,"column":1}}},"1":{"name":"(anonymous_2)","decl":{"start":{"line":85,"column":15},"end":{"line":85,"column":20}},"loc":{"start":{"line":85,"column":68},"end":{"line":95,"column":1}}}},"branchMap":{"0":{"loc":{"start":{"line":15,"column":8},"end":{"line":19,"column":9}},"type":"if","locations":[{"start":{"line":15,"column":8},"end":{"line":19,"column":9}},{"start":{},"end":{}}]},"1":{"loc":{"start":{"line":22,"column":8},"end":{"line":25,"column":9}},"type":"if","locations":[{"start":{"line":22,"column":8},"end":{"line":25,"column":9}},{"start":{},"end":{}}]},"2":{"loc":{"start":{"line":22,"column":12},"end":{"line":22,"column":28}},"type":"binary-expr","locations":[{"start":{"line":22,"column":12},"end":{"line":22,"column":18}},{"start":{"line":22,"column":22},"end":{"line":22,"column":28}}]},"3":{"loc":{"start":{"line":35,"column":8},"end":{"line":38,"column":9}},"type":"if","locations":[{"start":{"line":35,"column":8},"end":{"line":38,"column":9}},{"start":{},"end":{}}]},"4":{"loc":{"start":{"line":43,"column":8},"end":{"line":46,"column":9}},"type":"if","locations":[{"start":{"line":43,"column":8},"end":{"line":46,"column":9}},{"start":{},"end":{}}]}},"s":{"0":3,"1":3,"2":3,"3":3,"4":3,"5":3,"6":3,"7":3,"8":1,"9":1,"10":1,"11":0,"12":0,"13":0,"14":1,"15":0,"16":0,"17":1,"18":1,"19":0,"20":0,"21":1,"22":1,"23":0,"24":0,"25":1,"26":0,"27":0,"28":3,"29":0,"30":0,"31":0,"32":0,"33":3},"f":{"0":1,"1":0},"b":{"0":[0,1],"1":[0,1],"2":[1,1],"3":[0,1],"4":[0,1]}}
,"C:\\Users\\ResTIC55\\Desktop\\Engenharia de software React\\Gestao_de_tarefas-engenharia_de_software\\Back\\src\\controllers\\dashboard.ts": {"path":"C:\\Users\\ResTIC55\\Desktop\\Engenharia de software React\\Gestao_de_tarefas-engenharia_de_software\\Back\\src\\controllers\\dashboard.ts","statementMap":{"0":{"start":{"line":1,"column":0},"end":{"line":1,"column":43}},"1":{"start":{"line":2,"column":0},"end":{"line":2,"column":31}},"2":{"start":{"line":6,"column":19},"end":{"line":88,"column":1}},"3":{"start":{"line":7,"column":4},"end":{"line":87,"column":5}},"4":{"start":{"line":8,"column":30},"end":{"line":8,"column":39}},"5":{"start":{"line":9,"column":29},"end":{"line":9,"column":70}},"6":{"start":{"line":12,"column":31},"end":{"line":16,"column":10}},"7":{"start":{"line":18,"column":27},"end":{"line":18,"column":73}},"8":{"start":{"line":20,"column":8},"end":{"line":37,"column":11}},"9":{"start":{"line":21,"column":12},"end":{"line":21,"column":37}},"10":{"start":{"line":21,"column":30},"end":{"line":21,"column":37}},"11":{"start":{"line":24,"column":38},"end":{"line":28,"column":37}},"12":{"start":{"line":30,"column":12},"end":{"line":36,"column":13}},"13":{"start":{"line":31,"column":16},"end":{"line":31,"column":55}},"14":{"start":{"line":32,"column":19},"end":{"line":36,"column":13}},"15":{"start":{"line":33,"column":16},"end":{"line":33,"column":58}},"16":{"start":{"line":34,"column":19},"end":{"line":36,"column":13}},"17":{"start":{"line":35,"column":16},"end":{"line":35,"column":54}},"18":{"start":{"line":40,"column":35},"end":{"line":48,"column":10}},"19":{"start":{"line":49,"column":39},"end":{"line":52,"column":11}},"20":{"start":{"line":49,"column":68},"end":{"line":52,"column":10}},"21":{"start":{"line":55,"column":32},"end":{"line":62,"column":10}},"22":{"start":{"line":65,"column":29},"end":{"line":65,"column":81}},"23":{"start":{"line":65,"column":72},"end":{"line":65,"column":77}},"24":{"start":{"line":66,"column":30},"end":{"line":68,"column":15}},"25":{"start":{"line":71,"column":8},"end":{"line":82,"column":11}},"26":{"start":{"line":85,"column":8},"end":{"line":85,"column":69}},"27":{"start":{"line":86,"column":8},"end":{"line":86,"column":104}},"28":{"start":{"line":90,"column":0},"end":{"line":92,"column":null}}},"fnMap":{"0":{"name":"(anonymous_1)","decl":{"start":{"line":6,"column":19},"end":{"line":6,"column":24}},"loc":{"start":{"line":6,"column":72},"end":{"line":88,"column":1}}},"1":{"name":"(anonymous_2)","decl":{"start":{"line":20,"column":31},"end":{"line":20,"column":35}},"loc":{"start":{"line":20,"column":38},"end":{"line":37,"column":9}}},"2":{"name":"(anonymous_3)","decl":{"start":{"line":49,"column":62},"end":{"line":49,"column":63}},"loc":{"start":{"line":49,"column":68},"end":{"line":52,"column":10}}},"3":{"name":"(anonymous_4)","decl":{"start":{"line":65,"column":62},"end":{"line":65,"column":63}},"loc":{"start":{"line":65,"column":72},"end":{"line":65,"column":77}}}},"branchMap":{"0":{"loc":{"start":{"line":9,"column":29},"end":{"line":9,"column":70}},"type":"cond-expr","locations":[{"start":{"line":9,"column":41},"end":{"line":9,"column":58}},{"start":{"line":9,"column":61},"end":{"line":9,"column":70}}]},"1":{"loc":{"start":{"line":14,"column":19},"end":{"line":14,"column":66}},"type":"cond-expr","locations":[{"start":{"line":14,"column":34},"end":{"line":14,"column":61}},{"start":{"line":14,"column":64},"end":{"line":14,"column":66}}]},"2":{"loc":{"start":{"line":21,"column":12},"end":{"line":21,"column":37}},"type":"if","locations":[{"start":{"line":21,"column":12},"end":{"line":21,"column":37}},{"start":{},"end":{}}]},"3":{"loc":{"start":{"line":30,"column":12},"end":{"line":36,"column":13}},"type":"if","locations":[{"start":{"line":30,"column":12},"end":{"line":36,"column":13}},{"start":{"line":32,"column":19},"end":{"line":36,"column":13}}]},"4":{"loc":{"start":{"line":30,"column":16},"end":{"line":30,"column":86}},"type":"binary-expr","locations":[{"start":{"line":30,"column":16},"end":{"line":30,"column":49}},{"start":{"line":30,"column":53},"end":{"line":30,"column":86}}]},"5":{"loc":{"start":{"line":32,"column":19},"end":{"line":36,"column":13}},"type":"if","locations":[{"start":{"line":32,"column":19},"end":{"line":36,"column":13}},{"start":{"line":34,"column":19},"end":{"line":36,"column":13}}]},"6":{"loc":{"start":{"line":34,"column":19},"end":{"line":36,"column":13}},"type":"if","locations":[{"start":{"line":34,"column":19},"end":{"line":36,"column":13}},{"start":{},"end":{}}]},"7":{"loc":{"start":{"line":56,"column":19},"end":{"line":56,"column":66}},"type":"cond-expr","locations":[{"start":{"line":56,"column":34},"end":{"line":56,"column":61}},{"start":{"line":56,"column":64},"end":{"line":56,"column":66}}]},"8":{"loc":{"start":{"line":66,"column":30},"end":{"line":68,"column":15}},"type":"cond-expr","locations":[{"start":{"line":67,"column":14},"end":{"line":67,"column":69}},{"start":{"line":68,"column":14},"end":{"line":68,"column":15}}]}},"s":{"0":3,"1":3,"2":3,"3":0,"4":0,"5":0,"6":0,"7":0,"8":0,"9":0,"10":0,"11":0,"12":0,"13":0,"14":0,"15":0,"16":0,"17":0,"18":0,"19":0,"20":0,"21":0,"22":0,"23":0,"24":0,"25":0,"26":0,"27":0,"28":3},"f":{"0":0,"1":0,"2":0,"3":0},"b":{"0":[0,0],"1":[0,0],"2":[0,0],"3":[0,0],"4":[0,0],"5":[0,0],"6":[0,0],"7":[0,0],"8":[0,0]}}
,"C:\\Users\\ResTIC55\\Desktop\\Engenharia de software React\\Gestao_de_tarefas-engenharia_de_software\\Back\\src\\controllers\\tarefas.ts": {"path":"C:\\Users\\ResTIC55\\Desktop\\Engenharia de software React\\Gestao_de_tarefas-engenharia_de_software\\Back\\src\\controllers\\tarefas.ts","statementMap":{"0":{"start":{"line":1,"column":0},"end":{"line":1,"column":43}},"1":{"start":{"line":2,"column":0},"end":{"line":2,"column":31}},"2":{"start":{"line":5,"column":19},"end":{"line":36,"column":1}},"3":{"start":{"line":6,"column":4},"end":{"line":35,"column":5}},"4":{"start":{"line":7,"column":38},"end":{"line":7,"column":47}},"5":{"start":{"line":9,"column":33},"end":{"line":9,"column":35}},"6":{"start":{"line":10,"column":8},"end":{"line":12,"column":9}},"7":{"start":{"line":11,"column":12},"end":{"line":11,"column":54}},"8":{"start":{"line":14,"column":8},"end":{"line":19,"column":9}},"9":{"start":{"line":15,"column":12},"end":{"line":18,"column":14}},"10":{"start":{"line":21,"column":24},"end":{"line":29,"column":10}},"11":{"start":{"line":31,"column":8},"end":{"line":31,"column":62}},"12":{"start":{"line":33,"column":8},"end":{"line":33,"column":56}},"13":{"start":{"line":34,"column":8},"end":{"line":34,"column":90}},"14":{"start":{"line":39,"column":20},"end":{"line":59,"column":1}},"15":{"start":{"line":40,"column":4},"end":{"line":58,"column":5}},"16":{"start":{"line":41,"column":23},"end":{"line":41,"column":33}},"17":{"start":{"line":42,"column":23},"end":{"line":47,"column":10}},"18":{"start":{"line":49,"column":8},"end":{"line":52,"column":9}},"19":{"start":{"line":50,"column":12},"end":{"line":50,"column":85}},"20":{"start":{"line":51,"column":12},"end":{"line":51,"column":19}},"21":{"start":{"line":54,"column":8},"end":{"line":54,"column":61}},"22":{"start":{"line":56,"column":8},"end":{"line":56,"column":62}},"23":{"start":{"line":57,"column":8},"end":{"line":57,"column":84}},"24":{"start":{"line":62,"column":19},"end":{"line":108,"column":1}},"25":{"start":{"line":63,"column":4},"end":{"line":107,"column":5}},"26":{"start":{"line":64,"column":57},"end":{"line":64,"column":65}},"27":{"start":{"line":67,"column":8},"end":{"line":70,"column":9}},"28":{"start":{"line":68,"column":12},"end":{"line":68,"column":129}},"29":{"start":{"line":69,"column":12},"end":{"line":69,"column":19}},"30":{"start":{"line":72,"column":25},"end":{"line":72,"column":92}},"31":{"start":{"line":74,"column":8},"end":{"line":83,"column":9}},"32":{"start":{"line":75,"column":34},"end":{"line":77,"column":14}},"33":{"start":{"line":79,"column":12},"end":{"line":82,"column":13}},"34":{"start":{"line":80,"column":16},"end":{"line":80,"column":113}},"35":{"start":{"line":81,"column":16},"end":{"line":81,"column":23}},"36":{"start":{"line":85,"column":8},"end":{"line":94,"column":9}},"37":{"start":{"line":86,"column":34},"end":{"line":88,"column":14}},"38":{"start":{"line":90,"column":12},"end":{"line":93,"column":13}},"39":{"start":{"line":91,"column":16},"end":{"line":91,"column":135}},"40":{"start":{"line":92,"column":16},"end":{"line":92,"column":23}},"41":{"start":{"line":96,"column":27},"end":{"line":101,"column":10}},"42":{"start":{"line":103,"column":8},"end":{"line":103,"column":65}},"43":{"start":{"line":105,"column":8},"end":{"line":105,"column":54}},"44":{"start":{"line":106,"column":8},"end":{"line":106,"column":89}},"45":{"start":{"line":111,"column":18},"end":{"line":147,"column":1}},"46":{"start":{"line":112,"column":4},"end":{"line":146,"column":5}},"47":{"start":{"line":113,"column":23},"end":{"line":113,"column":33}},"48":{"start":{"line":114,"column":57},"end":{"line":114,"column":65}},"49":{"start":{"line":117,"column":29},"end":{"line":117,"column":91}},"50":{"start":{"line":118,"column":8},"end":{"line":121,"column":9}},"51":{"start":{"line":119,"column":12},"end":{"line":119,"column":85}},"52":{"start":{"line":120,"column":12},"end":{"line":120,"column":19}},"53":{"start":{"line":123,"column":8},"end":{"line":132,"column":9}},"54":{"start":{"line":124,"column":34},"end":{"line":126,"column":14}},"55":{"start":{"line":128,"column":12},"end":{"line":131,"column":13}},"56":{"start":{"line":129,"column":16},"end":{"line":129,"column":107}},"57":{"start":{"line":130,"column":16},"end":{"line":130,"column":23}},"58":{"start":{"line":134,"column":33},"end":{"line":140,"column":10}},"59":{"start":{"line":142,"column":8},"end":{"line":142,"column":71}},"60":{"start":{"line":144,"column":8},"end":{"line":144,"column":58}},"61":{"start":{"line":145,"column":8},"end":{"line":145,"column":93}},"62":{"start":{"line":150,"column":22},"end":{"line":169,"column":1}},"63":{"start":{"line":151,"column":4},"end":{"line":168,"column":5}},"64":{"start":{"line":152,"column":23},"end":{"line":152,"column":33}},"65":{"start":{"line":154,"column":29},"end":{"line":154,"column":91}},"66":{"start":{"line":155,"column":8},"end":{"line":158,"column":9}},"67":{"start":{"line":156,"column":12},"end":{"line":156,"column":85}},"68":{"start":{"line":157,"column":12},"end":{"line":157,"column":19}},"69":{"start":{"line":160,"column":8},"end":{"line":162,"column":11}},"70":{"start":{"line":164,"column":8},"end":{"line":164,"column":103}},"71":{"start":{"line":166,"column":8},"end":{"line":166,"column":56}},"72":{"start":{"line":167,"column":8},"end":{"line":167,"column":90}},"73":{"start":{"line":171,"column":0},"end":{"line":177,"column":null}}},"fnMap":{"0":{"name":"(anonymous_1)","decl":{"start":{"line":5,"column":19},"end":{"line":5,"column":24}},"loc":{"start":{"line":5,"column":72},"end":{"line":36,"column":1}}},"1":{"name":"(anonymous_2)","decl":{"start":{"line":39,"column":20},"end":{"line":39,"column":25}},"loc":{"start":{"line":39,"column":73},"end":{"line":59,"column":1}}},"2":{"name":"(anonymous_3)","decl":{"start":{"line":62,"column":19},"end":{"line":62,"column":24}},"loc":{"start":{"line":62,"column":72},"end":{"line":108,"column":1}}},"3":{"name":"(anonymous_4)","decl":{"start":{"line":111,"column":18},"end":{"line":111,"column":23}},"loc":{"start":{"line":111,"column":71},"end":{"line":147,"column":1}}},"4":{"name":"(anonymous_5)","decl":{"start":{"line":150,"column":22},"end":{"line":150,"column":27}},"loc":{"start":{"line":150,"column":75},"end":{"line":169,"column":1}}}},"branchMap":{"0":{"loc":{"start":{"line":10,"column":8},"end":{"line":12,"column":9}},"type":"if","locations":[{"start":{"line":10,"column":8},"end":{"line":12,"column":9}},{"start":{},"end":{}}]},"1":{"loc":{"start":{"line":14,"column":8},"end":{"line":19,"column":9}},"type":"if","locations":[{"start":{"line":14,"column":8},"end":{"line":19,"column":9}},{"start":{},"end":{}}]},"2":{"loc":{"start":{"line":49,"column":8},"end":{"line":52,"column":9}},"type":"if","locations":[{"start":{"line":49,"column":8},"end":{"line":52,"column":9}},{"start":{},"end":{}}]},"3":{"loc":{"start":{"line":67,"column":8},"end":{"line":70,"column":9}},"type":"if","locations":[{"start":{"line":67,"column":8},"end":{"line":70,"column":9}},{"start":{},"end":{}}]},"4":{"loc":{"start":{"line":67,"column":12},"end":{"line":67,"column":33}},"type":"binary-expr","locations":[{"start":{"line":67,"column":12},"end":{"line":67,"column":19}},{"start":{"line":67,"column":23},"end":{"line":67,"column":33}}]},"5":{"loc":{"start":{"line":72,"column":25},"end":{"line":72,"column":92}},"type":"cond-expr","locations":[{"start":{"line":72,"column":68},"end":{"line":72,"column":85}},{"start":{"line":72,"column":88},"end":{"line":72,"column":92}}]},"6":{"loc":{"start":{"line":72,"column":26},"end":{"line":72,"column":64}},"type":"binary-expr","locations":[{"start":{"line":72,"column":26},"end":{"line":72,"column":35}},{"start":{"line":72,"column":39},"end":{"line":72,"column":64}}]},"7":{"loc":{"start":{"line":74,"column":8},"end":{"line":83,"column":9}},"type":"if","locations":[{"start":{"line":74,"column":8},"end":{"line":83,"column":9}},{"start":{},"end":{}}]},"8":{"loc":{"start":{"line":79,"column":12},"end":{"line":82,"column":13}},"type":"if","locations":[{"start":{"line":79,"column":12},"end":{"line":82,"column":13}},{"start":{},"end":{}}]},"9":{"loc":{"start":{"line":85,"column":8},"end":{"line":94,"column":9}},"type":"if","locations":[{"start":{"line":85,"column":8},"end":{"line":94,"column":9}},{"start":{},"end":{}}]},"10":{"loc":{"start":{"line":90,"column":12},"end":{"line":93,"column":13}},"type":"if","locations":[{"start":{"line":90,"column":12},"end":{"line":93,"column":13}},{"start":{},"end":{}}]},"11":{"loc":{"start":{"line":118,"column":8},"end":{"line":121,"column":9}},"type":"if","locations":[{"start":{"line":118,"column":8},"end":{"line":121,"column":9}},{"start":{},"end":{}}]},"12":{"loc":{"start":{"line":123,"column":8},"end":{"line":132,"column":9}},"type":"if","locations":[{"start":{"line":123,"column":8},"end":{"line":132,"column":9}},{"start":{},"end":{}}]},"13":{"loc":{"start":{"line":128,"column":12},"end":{"line":131,"column":13}},"type":"if","locations":[{"start":{"line":128,"column":12},"end":{"line":131,"column":13}},{"start":{},"end":{}}]},"14":{"loc":{"start":{"line":155,"column":8},"end":{"line":158,"column":9}},"type":"if","locations":[{"start":{"line":155,"column":8},"end":{"line":158,"column":9}},{"start":{},"end":{}}]}},"s":{"0":3,"1":3,"2":3,"3":2,"4":2,"5":2,"6":2,"7":1,"8":2,"9":1,"10":2,"11":2,"12":0,"13":0,"14":3,"15":2,"16":2,"17":2,"18":2,"19":1,"20":1,"21":1,"22":0,"23":0,"24":3,"25":3,"26":3,"27":3,"28":1,"29":1,"30":2,"31":2,"32":2,"33":2,"34":1,"35":1,"36":1,"37":1,"38":1,"39":0,"40":0,"41":1,"42":1,"43":0,"44":0,"45":3,"46":2,"47":2,"48":2,"49":2,"50":2,"51":1,"52":1,"53":1,"54":0,"55":0,"56":0,"57":0,"58":1,"59":1,"60":0,"61":0,"62":3,"63":2,"64":2,"65":2,"66":2,"67":1,"68":1,"69":1,"70":1,"71":0,"72":0,"73":3},"f":{"0":2,"1":2,"2":3,"3":2,"4":2},"b":{"0":[1,1],"1":[1,1],"2":[1,1],"3":[1,2],"4":[3,2],"5":[2,0],"6":[2,2],"7":[2,0],"8":[1,1],"9":[1,0],"10":[0,1],"11":[1,1],"12":[0,1],"13":[0,0],"14":[1,1]}}
,"C:\\Users\\ResTIC55\\Desktop\\Engenharia de software React\\Gestao_de_tarefas-engenharia_de_software\\Back\\src\\controllers\\usuarios.ts": {"path":"C:\\Users\\ResTIC55\\Desktop\\Engenharia de software React\\Gestao_de_tarefas-engenharia_de_software\\Back\\src\\controllers\\usuarios.ts","statementMap":{"0":{"start":{"line":1,"column":0},"end":{"line":1,"column":43}},"1":{"start":{"line":2,"column":0},"end":{"line":2,"column":31}},"2":{"start":{"line":3,"column":0},"end":{"line":3,"column":28}},"3":{"start":{"line":7,"column":20},"end":{"line":33,"column":1}},"4":{"start":{"line":8,"column":21},"end":{"line":19,"column":6}},"5":{"start":{"line":21,"column":4},"end":{"line":26,"column":5}},"6":{"start":{"line":22,"column":8},"end":{"line":25,"column":11}},"7":{"start":{"line":28,"column":4},"end":{"line":31,"column":9}},"8":{"start":{"line":36,"column":23},"end":{"line":55,"column":1}},"9":{"start":{"line":37,"column":4},"end":{"line":54,"column":5}},"10":{"start":{"line":38,"column":23},"end":{"line":38,"column":33}},"11":{"start":{"line":39,"column":24},"end":{"line":43,"column":10}},"12":{"start":{"line":45,"column":8},"end":{"line":48,"column":9}},"13":{"start":{"line":46,"column":12},"end":{"line":46,"column":86}},"14":{"start":{"line":47,"column":12},"end":{"line":47,"column":19}},"15":{"start":{"line":50,"column":8},"end":{"line":50,"column":62}},"16":{"start":{"line":52,"column":8},"end":{"line":52,"column":63}},"17":{"start":{"line":53,"column":8},"end":{"line":53,"column":84}},"18":{"start":{"line":58,"column":20},"end":{"line":87,"column":1}},"19":{"start":{"line":59,"column":4},"end":{"line":86,"column":5}},"20":{"start":{"line":60,"column":39},"end":{"line":60,"column":47}},"21":{"start":{"line":63,"column":8},"end":{"line":66,"column":9}},"22":{"start":{"line":64,"column":12},"end":{"line":64,"column":115}},"23":{"start":{"line":65,"column":12},"end":{"line":65,"column":19}},"24":{"start":{"line":69,"column":30},"end":{"line":69,"column":83}},"25":{"start":{"line":70,"column":8},"end":{"line":73,"column":9}},"26":{"start":{"line":71,"column":12},"end":{"line":71,"column":84}},"27":{"start":{"line":72,"column":12},"end":{"line":72,"column":19}},"28":{"start":{"line":75,"column":35},"end":{"line":75,"column":63}},"29":{"start":{"line":77,"column":28},"end":{"line":80,"column":10}},"30":{"start":{"line":82,"column":8},"end":{"line":82,"column":66}},"31":{"start":{"line":84,"column":8},"end":{"line":84,"column":55}},"32":{"start":{"line":85,"column":8},"end":{"line":85,"column":89}},"33":{"start":{"line":90,"column":19},"end":{"line":127,"column":1}},"34":{"start":{"line":91,"column":4},"end":{"line":126,"column":5}},"35":{"start":{"line":92,"column":23},"end":{"line":92,"column":33}},"36":{"start":{"line":93,"column":50},"end":{"line":93,"column":58}},"37":{"start":{"line":96,"column":30},"end":{"line":98,"column":10}},"38":{"start":{"line":100,"column":8},"end":{"line":103,"column":9}},"39":{"start":{"line":101,"column":12},"end":{"line":101,"column":97}},"40":{"start":{"line":102,"column":12},"end":{"line":102,"column":19}},"41":{"start":{"line":106,"column":38},"end":{"line":106,"column":53}},"42":{"start":{"line":108,"column":8},"end":{"line":110,"column":9}},"43":{"start":{"line":109,"column":12},"end":{"line":109,"column":null}},"44":{"start":{"line":112,"column":8},"end":{"line":114,"column":9}},"45":{"start":{"line":113,"column":12},"end":{"line":113,"column":66}},"46":{"start":{"line":116,"column":34},"end":{"line":120,"column":10}},"47":{"start":{"line":122,"column":8},"end":{"line":122,"column":72}},"48":{"start":{"line":124,"column":8},"end":{"line":124,"column":59}},"49":{"start":{"line":125,"column":8},"end":{"line":125,"column":93}},"50":{"start":{"line":130,"column":22},"end":{"line":154,"column":1}},"51":{"start":{"line":131,"column":4},"end":{"line":153,"column":5}},"52":{"start":{"line":132,"column":23},"end":{"line":132,"column":33}},"53":{"start":{"line":134,"column":30},"end":{"line":136,"column":10}},"54":{"start":{"line":138,"column":8},"end":{"line":141,"column":9}},"55":{"start":{"line":139,"column":12},"end":{"line":139,"column":101}},"56":{"start":{"line":140,"column":12},"end":{"line":140,"column":19}},"57":{"start":{"line":144,"column":8},"end":{"line":147,"column":11}},"58":{"start":{"line":149,"column":8},"end":{"line":149,"column":103}},"59":{"start":{"line":151,"column":8},"end":{"line":151,"column":57}},"60":{"start":{"line":152,"column":8},"end":{"line":152,"column":91}},"61":{"start":{"line":156,"column":0},"end":{"line":162,"column":null}}},"fnMap":{"0":{"name":"(anonymous_1)","decl":{"start":{"line":7,"column":20},"end":{"line":7,"column":25}},"loc":{"start":{"line":7,"column":73},"end":{"line":33,"column":1}}},"1":{"name":"(anonymous_2)","decl":{"start":{"line":36,"column":23},"end":{"line":36,"column":28}},"loc":{"start":{"line":36,"column":76},"end":{"line":55,"column":1}}},"2":{"name":"(anonymous_3)","decl":{"start":{"line":58,"column":20},"end":{"line":58,"column":25}},"loc":{"start":{"line":58,"column":73},"end":{"line":87,"column":1}}},"3":{"name":"(anonymous_4)","decl":{"start":{"line":90,"column":19},"end":{"line":90,"column":24}},"loc":{"start":{"line":90,"column":72},"end":{"line":127,"column":1}}},"4":{"name":"(anonymous_5)","decl":{"start":{"line":130,"column":22},"end":{"line":130,"column":27}},"loc":{"start":{"line":130,"column":75},"end":{"line":154,"column":1}}}},"branchMap":{"0":{"loc":{"start":{"line":21,"column":4},"end":{"line":26,"column":5}},"type":"if","locations":[{"start":{"line":21,"column":4},"end":{"line":26,"column":5}},{"start":{},"end":{}}]},"1":{"loc":{"start":{"line":45,"column":8},"end":{"line":48,"column":9}},"type":"if","locations":[{"start":{"line":45,"column":8},"end":{"line":48,"column":9}},{"start":{},"end":{}}]},"2":{"loc":{"start":{"line":63,"column":8},"end":{"line":66,"column":9}},"type":"if","locations":[{"start":{"line":63,"column":8},"end":{"line":66,"column":9}},{"start":{},"end":{}}]},"3":{"loc":{"start":{"line":63,"column":12},"end":{"line":63,"column":37}},"type":"binary-expr","locations":[{"start":{"line":63,"column":12},"end":{"line":63,"column":17}},{"start":{"line":63,"column":21},"end":{"line":63,"column":27}},{"start":{"line":63,"column":31},"end":{"line":63,"column":37}}]},"4":{"loc":{"start":{"line":70,"column":8},"end":{"line":73,"column":9}},"type":"if","locations":[{"start":{"line":70,"column":8},"end":{"line":73,"column":9}},{"start":{},"end":{}}]},"5":{"loc":{"start":{"line":100,"column":8},"end":{"line":103,"column":9}},"type":"if","locations":[{"start":{"line":100,"column":8},"end":{"line":103,"column":9}},{"start":{},"end":{}}]},"6":{"loc":{"start":{"line":108,"column":8},"end":{"line":110,"column":9}},"type":"if","locations":[{"start":{"line":108,"column":8},"end":{"line":110,"column":9}},{"start":{},"end":{}}]},"7":{"loc":{"start":{"line":112,"column":8},"end":{"line":114,"column":9}},"type":"if","locations":[{"start":{"line":112,"column":8},"end":{"line":114,"column":9}},{"start":{},"end":{}}]},"8":{"loc":{"start":{"line":112,"column":12},"end":{"line":112,"column":40}},"type":"binary-expr","locations":[{"start":{"line":112,"column":12},"end":{"line":112,"column":17}},{"start":{"line":112,"column":21},"end":{"line":112,"column":40}}]},"9":{"loc":{"start":{"line":138,"column":8},"end":{"line":141,"column":9}},"type":"if","locations":[{"start":{"line":138,"column":8},"end":{"line":141,"column":9}},{"start":{},"end":{}}]}},"s":{"0":3,"1":3,"2":3,"3":3,"4":1,"5":1,"6":0,"7":1,"8":3,"9":1,"10":1,"11":1,"12":1,"13":0,"14":0,"15":1,"16":0,"17":0,"18":3,"19":3,"20":3,"21":3,"22":0,"23":0,"24":3,"25":3,"26":1,"27":1,"28":2,"29":2,"30":2,"31":0,"32":0,"33":3,"34":1,"35":1,"36":1,"37":1,"38":1,"39":0,"40":0,"41":1,"42":1,"43":0,"44":1,"45":0,"46":1,"47":1,"48":0,"49":0,"50":3,"51":0,"52":0,"53":0,"54":0,"55":0,"56":0,"57":0,"58":0,"59":0,"60":0,"61":3},"f":{"0":1,"1":1,"2":3,"3":1,"4":0},"b":{"0":[0,1],"1":[0,1],"2":[0,3],"3":[3,3,3],"4":[1,2],"5":[0,1],"6":[0,1],"7":[0,1],"8":[1,0],"9":[0,0]}}
}
