TN:
SF:src\controllers\auth.ts
FN:11,(anonymous_1)
FN:85,(anonymous_2)
FNF:2
FNH:1
FNDA:1,(anonymous_1)
FNDA:0,(anonymous_2)
DA:1,3
DA:2,3
DA:3,3
DA:4,3
DA:6,3
DA:7,3
DA:8,3
DA:11,3
DA:12,1
DA:13,1
DA:15,1
DA:16,0
DA:17,0
DA:18,0
DA:22,1
DA:23,0
DA:24,0
DA:28,1
DA:35,1
DA:36,0
DA:37,0
DA:41,1
DA:43,1
DA:44,0
DA:45,0
DA:68,1
DA:79,0
DA:80,0
DA:85,3
DA:86,0
DA:87,0
DA:92,0
DA:93,0
DA:97,3
LF:34
LH:19
BRDA:15,0,0,0
BRDA:15,0,1,1
BRDA:22,1,0,0
BRDA:22,1,1,1
BRDA:22,2,0,1
BRDA:22,2,1,1
BRDA:35,3,0,0
BRDA:35,3,1,1
BRDA:43,4,0,0
BRDA:43,4,1,1
BRF:10
BRH:6
end_of_record
TN:
SF:src\controllers\dashboard.ts
FN:6,(anonymous_1)
FN:20,(anonymous_2)
FN:49,(anonymous_3)
FN:65,(anonymous_4)
FNF:4
FNH:0
FNDA:0,(anonymous_1)
FNDA:0,(anonymous_2)
FNDA:0,(anonymous_3)
FNDA:0,(anonymous_4)
DA:1,3
DA:2,3
DA:6,3
DA:7,0
DA:8,0
DA:9,0
DA:12,0
DA:18,0
DA:20,0
DA:21,0
DA:24,0
DA:30,0
DA:31,0
DA:32,0
DA:33,0
DA:34,0
DA:35,0
DA:40,0
DA:49,0
DA:55,0
DA:65,0
DA:66,0
DA:71,0
DA:85,0
DA:86,0
DA:90,3
LF:26
LH:4
BRDA:9,0,0,0
BRDA:9,0,1,0
BRDA:14,1,0,0
BRDA:14,1,1,0
BRDA:21,2,0,0
BRDA:21,2,1,0
BRDA:30,3,0,0
BRDA:30,3,1,0
BRDA:30,4,0,0
BRDA:30,4,1,0
BRDA:32,5,0,0
BRDA:32,5,1,0
BRDA:34,6,0,0
BRDA:34,6,1,0
BRDA:56,7,0,0
BRDA:56,7,1,0
BRDA:66,8,0,0
BRDA:66,8,1,0
BRF:18
BRH:0
end_of_record
TN:
SF:src\controllers\tarefas.ts
FN:5,(anonymous_1)
FN:39,(anonymous_2)
FN:62,(anonymous_3)
FN:111,(anonymous_4)
FN:150,(anonymous_5)
FNF:5
FNH:5
FNDA:2,(anonymous_1)
FNDA:2,(anonymous_2)
FNDA:3,(anonymous_3)
FNDA:2,(anonymous_4)
FNDA:2,(anonymous_5)
DA:1,3
DA:2,3
DA:5,3
DA:6,2
DA:7,2
DA:9,2
DA:10,2
DA:11,1
DA:14,2
DA:15,1
DA:21,2
DA:31,2
DA:33,0
DA:34,0
DA:39,3
DA:40,2
DA:41,2
DA:42,2
DA:49,2
DA:50,1
DA:51,1
DA:54,1
DA:56,0
DA:57,0
DA:62,3
DA:63,3
DA:64,3
DA:67,3
DA:68,1
DA:69,1
DA:72,2
DA:74,2
DA:75,2
DA:79,2
DA:80,1
DA:81,1
DA:85,1
DA:86,1
DA:90,1
DA:91,0
DA:92,0
DA:96,1
DA:103,1
DA:105,0
DA:106,0
DA:111,3
DA:112,2
DA:113,2
DA:114,2
DA:117,2
DA:118,2
DA:119,1
DA:120,1
DA:123,1
DA:124,0
DA:128,0
DA:129,0
DA:130,0
DA:134,1
DA:142,1
DA:144,0
DA:145,0
DA:150,3
DA:151,2
DA:152,2
DA:154,2
DA:155,2
DA:156,1
DA:157,1
DA:160,1
DA:164,1
DA:166,0
DA:167,0
DA:171,3
LF:74
LH:58
BRDA:10,0,0,1
BRDA:10,0,1,1
BRDA:14,1,0,1
BRDA:14,1,1,1
BRDA:49,2,0,1
BRDA:49,2,1,1
BRDA:67,3,0,1
BRDA:67,3,1,2
BRDA:67,4,0,3
BRDA:67,4,1,2
BRDA:72,5,0,2
BRDA:72,5,1,0
BRDA:72,6,0,2
BRDA:72,6,1,2
BRDA:74,7,0,2
BRDA:74,7,1,0
BRDA:79,8,0,1
BRDA:79,8,1,1
BRDA:85,9,0,1
BRDA:85,9,1,0
BRDA:90,10,0,0
BRDA:90,10,1,1
BRDA:118,11,0,1
BRDA:118,11,1,1
BRDA:123,12,0,0
BRDA:123,12,1,1
BRDA:128,13,0,0
BRDA:128,13,1,0
BRDA:155,14,0,1
BRDA:155,14,1,1
BRF:30
BRH:23
end_of_record
TN:
SF:src\controllers\usuarios.ts
FN:7,(anonymous_1)
FN:36,(anonymous_2)
FN:58,(anonymous_3)
FN:90,(anonymous_4)
FN:130,(anonymous_5)
FNF:5
FNH:4
FNDA:1,(anonymous_1)
FNDA:1,(anonymous_2)
FNDA:3,(anonymous_3)
FNDA:1,(anonymous_4)
FNDA:0,(anonymous_5)
DA:1,3
DA:2,3
DA:3,3
DA:7,3
DA:8,1
DA:21,1
DA:22,0
DA:28,1
DA:36,3
DA:37,1
DA:38,1
DA:39,1
DA:45,1
DA:46,0
DA:47,0
DA:50,1
DA:52,0
DA:53,0
DA:58,3
DA:59,3
DA:60,3
DA:63,3
DA:64,0
DA:65,0
DA:69,3
DA:70,3
DA:71,1
DA:72,1
DA:75,2
DA:77,2
DA:82,2
DA:84,0
DA:85,0
DA:90,3
DA:91,1
DA:92,1
DA:93,1
DA:96,1
DA:100,1
DA:101,0
DA:102,0
DA:106,1
DA:108,1
DA:109,0
DA:112,1
DA:113,0
DA:116,1
DA:122,1
DA:124,0
DA:125,0
DA:130,3
DA:131,0
DA:132,0
DA:134,0
DA:138,0
DA:139,0
DA:140,0
DA:144,0
DA:149,0
DA:151,0
DA:152,0
DA:156,3
LF:62
LH:37
BRDA:21,0,0,0
BRDA:21,0,1,1
BRDA:45,1,0,0
BRDA:45,1,1,1
BRDA:63,2,0,0
BRDA:63,2,1,3
BRDA:63,3,0,3
BRDA:63,3,1,3
BRDA:63,3,2,3
BRDA:70,4,0,1
BRDA:70,4,1,2
BRDA:100,5,0,0
BRDA:100,5,1,1
BRDA:108,6,0,0
BRDA:108,6,1,1
BRDA:112,7,0,0
BRDA:112,7,1,1
BRDA:112,8,0,1
BRDA:112,8,1,0
BRDA:138,9,0,0
BRDA:138,9,1,0
BRF:21
BRH:12
end_of_record
